{"__type":"$$EventMessageAudit","id":"c2210289-cd7b-459f-8e00-6e4192d3a5d4","ts":"2024-03-21T08:54:15.746+00:00","eventName":"n8n.audit.workflow.created","message":"n8n.audit.workflow.created","payload":{"userId":"fea5ce4e-6419-4e6b-89bc-37b212feb339","_email":"test@test.com","_firstName":"test","_lastName":"test","globalRole":"global:owner","workflowId":"KrcEdIhxgi2aLCtV","workflowName":"My workflow"}}
{"__type":"$$EventMessageConfirm","confirm":"c2210289-cd7b-459f-8e00-6e4192d3a5d4","ts":"2024-03-21T08:54:15.756+00:00","source":{"id":"0","name":"eventBus"}}
{"__type":"$$EventMessageAudit","id":"d59337c4-a80a-4536-974b-cc4bb725b6f2","ts":"2024-03-21T08:54:40.188+00:00","eventName":"n8n.audit.user.credentials.created","message":"n8n.audit.user.credentials.created","payload":{"userId":"fea5ce4e-6419-4e6b-89bc-37b212feb339","_email":"test@test.com","_firstName":"test","_lastName":"test","globalRole":"global:owner","credentialName":"Redis account","credentialType":"redis","credentialId":"8Y70XyIDuiKXfIfI"}}
{"__type":"$$EventMessageConfirm","confirm":"d59337c4-a80a-4536-974b-cc4bb725b6f2","ts":"2024-03-21T08:54:40.189+00:00","source":{"id":"0","name":"eventBus"}}
{"__type":"$$EventMessageAudit","id":"37005564-53d7-4d74-979c-bcb7517a9cd8","ts":"2024-03-21T08:54:55.168+00:00","eventName":"n8n.audit.user.credentials.created","message":"n8n.audit.user.credentials.created","payload":{"userId":"fea5ce4e-6419-4e6b-89bc-37b212feb339","_email":"test@test.com","_firstName":"test","_lastName":"test","globalRole":"global:owner","credentialName":"Postgres account","credentialType":"postgres","credentialId":"sojFGYHI7F2DHHCp"}}
{"__type":"$$EventMessageConfirm","confirm":"37005564-53d7-4d74-979c-bcb7517a9cd8","ts":"2024-03-21T08:54:55.168+00:00","source":{"id":"0","name":"eventBus"}}
{"__type":"$$EventMessageAudit","id":"bd7baff9-291f-4c5d-acb3-1eb793092fd8","ts":"2024-03-21T08:55:18.088+00:00","eventName":"n8n.audit.workflow.updated","message":"n8n.audit.workflow.updated","payload":{"userId":"fea5ce4e-6419-4e6b-89bc-37b212feb339","_email":"test@test.com","_firstName":"test","_lastName":"test","globalRole":"global:owner","workflowId":"KrcEdIhxgi2aLCtV","workflowName":"My workflow"}}
{"__type":"$$EventMessageConfirm","confirm":"bd7baff9-291f-4c5d-acb3-1eb793092fd8","ts":"2024-03-21T08:55:18.088+00:00","source":{"id":"0","name":"eventBus"}}
{"__type":"$$EventMessageAudit","id":"4b452dd0-5e50-492b-b16b-a5606b1ba899","ts":"2024-03-21T08:55:37.775+00:00","eventName":"n8n.audit.workflow.created","message":"n8n.audit.workflow.created","payload":{"userId":"fea5ce4e-6419-4e6b-89bc-37b212feb339","_email":"test@test.com","_firstName":"test","_lastName":"test","globalRole":"global:owner","workflowId":"wlS3w4pR41kWlgXP","workflowName":"trax"}}
{"__type":"$$EventMessageConfirm","confirm":"4b452dd0-5e50-492b-b16b-a5606b1ba899","ts":"2024-03-21T08:55:37.775+00:00","source":{"id":"0","name":"eventBus"}}
{"__type":"$$EventMessageAudit","id":"dec38fe6-d125-4166-8016-09a86b26a228","ts":"2024-03-21T08:56:04.804+00:00","eventName":"n8n.audit.workflow.updated","message":"n8n.audit.workflow.updated","payload":{"userId":"fea5ce4e-6419-4e6b-89bc-37b212feb339","_email":"test@test.com","_firstName":"test","_lastName":"test","globalRole":"global:owner","workflowId":"KrcEdIhxgi2aLCtV","workflowName":"subscription_paid_fail"}}
{"__type":"$$EventMessageConfirm","confirm":"dec38fe6-d125-4166-8016-09a86b26a228","ts":"2024-03-21T08:56:04.804+00:00","source":{"id":"0","name":"eventBus"}}
{"__type":"$$EventMessageAudit","id":"9d6cccba-56ea-4ce7-ab7f-c4f0183cbf25","ts":"2024-03-21T08:56:24.042+00:00","eventName":"n8n.audit.workflow.created","message":"n8n.audit.workflow.created","payload":{"userId":"fea5ce4e-6419-4e6b-89bc-37b212feb339","_email":"test@test.com","_firstName":"test","_lastName":"test","globalRole":"global:owner","workflowId":"NC9OAF19itECcdBV","workflowName":"paid_service"}}
{"__type":"$$EventMessageConfirm","confirm":"9d6cccba-56ea-4ce7-ab7f-c4f0183cbf25","ts":"2024-03-21T08:56:24.043+00:00","source":{"id":"0","name":"eventBus"}}
{"__type":"$$EventMessageAudit","id":"bab06371-4f8e-4e63-8343-c6412526ffee","ts":"2024-03-21T08:56:36.278+00:00","eventName":"n8n.audit.workflow.created","message":"n8n.audit.workflow.created","payload":{"userId":"fea5ce4e-6419-4e6b-89bc-37b212feb339","_email":"test@test.com","_firstName":"test","_lastName":"test","globalRole":"global:owner","workflowId":"h4qx7RsAoGpcyM0Y","workflowName":"handle_error"}}
{"__type":"$$EventMessageConfirm","confirm":"bab06371-4f8e-4e63-8343-c6412526ffee","ts":"2024-03-21T08:56:36.278+00:00","source":{"id":"0","name":"eventBus"}}
{"__type":"$$EventMessageAudit","id":"5333e637-0f85-49d8-93bc-8dd10b1002b4","ts":"2024-03-21T08:56:48.656+00:00","eventName":"n8n.audit.workflow.created","message":"n8n.audit.workflow.created","payload":{"userId":"fea5ce4e-6419-4e6b-89bc-37b212feb339","_email":"test@test.com","_firstName":"test","_lastName":"test","globalRole":"global:owner","workflowId":"ar9YVtzvX2kwUs4Y","workflowName":"delete_order_service"}}
{"__type":"$$EventMessageConfirm","confirm":"5333e637-0f85-49d8-93bc-8dd10b1002b4","ts":"2024-03-21T08:56:48.656+00:00","source":{"id":"0","name":"eventBus"}}
{"__type":"$$EventMessageAudit","id":"b67668fd-09f8-470e-94e5-d14e60747e19","ts":"2024-03-21T08:56:59.586+00:00","eventName":"n8n.audit.workflow.created","message":"n8n.audit.workflow.created","payload":{"userId":"fea5ce4e-6419-4e6b-89bc-37b212feb339","_email":"test@test.com","_firstName":"test","_lastName":"test","globalRole":"global:owner","workflowId":"kviRjG7Bz4JZYLbM","workflowName":"compensate_order"}}
{"__type":"$$EventMessageConfirm","confirm":"b67668fd-09f8-470e-94e5-d14e60747e19","ts":"2024-03-21T08:56:59.587+00:00","source":{"id":"0","name":"eventBus"}}
{"__type":"$$EventMessageAudit","id":"5663ecc4-6b1d-4f2a-a2e6-6bf735d2fb55","ts":"2024-03-21T08:57:12.294+00:00","eventName":"n8n.audit.workflow.updated","message":"n8n.audit.workflow.updated","payload":{"userId":"fea5ce4e-6419-4e6b-89bc-37b212feb339","_email":"test@test.com","_firstName":"test","_lastName":"test","globalRole":"global:owner","workflowId":"kviRjG7Bz4JZYLbM","workflowName":"compensate_order"}}
{"__type":"$$EventMessageConfirm","confirm":"5663ecc4-6b1d-4f2a-a2e6-6bf735d2fb55","ts":"2024-03-21T08:57:12.294+00:00","source":{"id":"0","name":"eventBus"}}
{"__type":"$$EventMessageAudit","id":"028a9d3f-56d2-44fe-972a-73029fa8e71c","ts":"2024-03-21T08:57:44.451+00:00","eventName":"n8n.audit.workflow.updated","message":"n8n.audit.workflow.updated","payload":{"userId":"fea5ce4e-6419-4e6b-89bc-37b212feb339","_email":"test@test.com","_firstName":"test","_lastName":"test","globalRole":"global:owner","workflowId":"h4qx7RsAoGpcyM0Y","workflowName":"handle_error"}}
{"__type":"$$EventMessageConfirm","confirm":"028a9d3f-56d2-44fe-972a-73029fa8e71c","ts":"2024-03-21T08:57:44.452+00:00","source":{"id":"0","name":"eventBus"}}
{"__type":"$$EventMessageAudit","id":"49ba1df6-13d6-449c-b2fe-74dd85abdd8f","ts":"2024-03-21T08:57:58.284+00:00","eventName":"n8n.audit.workflow.updated","message":"n8n.audit.workflow.updated","payload":{"userId":"fea5ce4e-6419-4e6b-89bc-37b212feb339","_email":"test@test.com","_firstName":"test","_lastName":"test","globalRole":"global:owner","workflowId":"KrcEdIhxgi2aLCtV","workflowName":"subscription_paid_fail"}}
{"__type":"$$EventMessageConfirm","confirm":"49ba1df6-13d6-449c-b2fe-74dd85abdd8f","ts":"2024-03-21T08:57:58.284+00:00","source":{"id":"0","name":"eventBus"}}
{"__type":"$$EventMessageAudit","id":"e63d67de-0519-46ed-86ff-6d28567bc94d","ts":"2024-03-21T08:57:59.079+00:00","eventName":"n8n.audit.workflow.updated","message":"n8n.audit.workflow.updated","payload":{"userId":"fea5ce4e-6419-4e6b-89bc-37b212feb339","_email":"test@test.com","_firstName":"test","_lastName":"test","globalRole":"global:owner","workflowId":"wlS3w4pR41kWlgXP","workflowName":"trax"}}
{"__type":"$$EventMessageConfirm","confirm":"e63d67de-0519-46ed-86ff-6d28567bc94d","ts":"2024-03-21T08:57:59.080+00:00","source":{"id":"0","name":"eventBus"}}
{"__type":"$$EventMessageAudit","id":"23ca93a0-492b-4d9d-b96a-39684841a0ba","ts":"2024-03-21T15:58:07.842+07:00","eventName":"n8n.audit.workflow.updated","message":"n8n.audit.workflow.updated","payload":{"userId":"fea5ce4e-6419-4e6b-89bc-37b212feb339","_email":"test@test.com","_firstName":"test","_lastName":"test","globalRole":"global:owner","workflowId":"KrcEdIhxgi2aLCtV","workflowName":"subscription_paid_fail"}}
{"__type":"$$EventMessageConfirm","confirm":"23ca93a0-492b-4d9d-b96a-39684841a0ba","ts":"2024-03-21T15:58:07.843+07:00","source":{"id":"0","name":"eventBus"}}
{"__type":"$$EventMessageAudit","id":"bcd54f1a-a365-4d7c-aa3e-08a0cce5db3b","ts":"2024-03-21T15:58:11.360+07:00","eventName":"n8n.audit.workflow.updated","message":"n8n.audit.workflow.updated","payload":{"userId":"fea5ce4e-6419-4e6b-89bc-37b212feb339","_email":"test@test.com","_firstName":"test","_lastName":"test","globalRole":"global:owner","workflowId":"KrcEdIhxgi2aLCtV","workflowName":"subscription_paid_fail"}}
{"__type":"$$EventMessageConfirm","confirm":"bcd54f1a-a365-4d7c-aa3e-08a0cce5db3b","ts":"2024-03-21T15:58:11.361+07:00","source":{"id":"0","name":"eventBus"}}
{"__type":"$$EventMessageAudit","id":"0a880ee6-8bd0-4be0-8fc5-806afb4e4bc9","ts":"2024-03-21T16:01:40.306+07:00","eventName":"n8n.audit.workflow.updated","message":"n8n.audit.workflow.updated","payload":{"userId":"fea5ce4e-6419-4e6b-89bc-37b212feb339","_email":"test@test.com","_firstName":"test","_lastName":"test","globalRole":"global:owner","workflowId":"wlS3w4pR41kWlgXP","workflowName":"trax"}}
{"__type":"$$EventMessageConfirm","confirm":"0a880ee6-8bd0-4be0-8fc5-806afb4e4bc9","ts":"2024-03-21T16:01:40.307+07:00","source":{"id":"0","name":"eventBus"}}
