{"__type":"$$EventMessageAudit","id":"aa502899-0dea-47f1-bf7e-7660005b444e","ts":"2024-03-21T18:05:01.635+07:00","eventName":"n8n.audit.user.login.success","message":"n8n.audit.user.login.success","payload":{"authenticationMethod":"email","userId":"a5faf777-a9a1-4705-829e-6a4f91e00d21","_email":"test@test.com","_firstName":"asd","_lastName":"asd","globalRole":"global:owner"}}
{"__type":"$$EventMessageConfirm","confirm":"aa502899-0dea-47f1-bf7e-7660005b444e","ts":"2024-03-21T18:05:01.636+07:00","source":{"id":"0","name":"eventBus"}}
{"__type":"$$EventMessageNode","id":"c8c0cf9b-c9bc-4f5f-877b-f70a1fb16fe8","ts":"2024-03-21T18:05:06.224+07:00","eventName":"n8n.node.started","message":"n8n.node.started","payload":{"executionId":"38","nodeName":"Webhook","workflowId":"as6kLJauOXs3d8jo","workflowName":"trax","nodeType":"n8n-nodes-base.webhook"}}
{"__type":"$$EventMessageConfirm","confirm":"c8c0cf9b-c9bc-4f5f-877b-f70a1fb16fe8","ts":"2024-03-21T18:05:06.224+07:00","source":{"id":"0","name":"eventBus"}}
{"__type":"$$EventMessageWorkflow","id":"d5eee8b2-10be-440f-895f-cc6f777050c1","ts":"2024-03-21T18:05:06.224+07:00","eventName":"n8n.workflow.started","message":"n8n.workflow.started","payload":{"executionId":"38","userId":"a5faf777-a9a1-4705-829e-6a4f91e00d21","workflowId":"as6kLJauOXs3d8jo","isManual":false,"workflowName":"trax"}}
{"__type":"$$EventMessageConfirm","confirm":"d5eee8b2-10be-440f-895f-cc6f777050c1","ts":"2024-03-21T18:05:06.224+07:00","source":{"id":"0","name":"eventBus"}}
{"__type":"$$EventMessageNode","id":"26f0337c-5429-4ec2-a16d-53f7bd1d2a37","ts":"2024-03-21T18:05:06.225+07:00","eventName":"n8n.node.finished","message":"n8n.node.finished","payload":{"executionId":"38","nodeName":"Webhook","workflowId":"as6kLJauOXs3d8jo","workflowName":"trax","nodeType":"n8n-nodes-base.webhook"}}
{"__type":"$$EventMessageConfirm","confirm":"26f0337c-5429-4ec2-a16d-53f7bd1d2a37","ts":"2024-03-21T18:05:06.225+07:00","source":{"id":"0","name":"eventBus"}}
{"__type":"$$EventMessageNode","id":"fb87c083-c75d-481f-95bf-50ce12f7b924","ts":"2024-03-21T18:05:06.225+07:00","eventName":"n8n.node.started","message":"n8n.node.started","payload":{"executionId":"38","nodeName":"Create order","workflowId":"as6kLJauOXs3d8jo","workflowName":"trax","nodeType":"n8n-nodes-base.httpRequest"}}
{"__type":"$$EventMessageConfirm","confirm":"fb87c083-c75d-481f-95bf-50ce12f7b924","ts":"2024-03-21T18:05:06.225+07:00","source":{"id":"0","name":"eventBus"}}
{"__type":"$$EventMessageNode","id":"2dc76acc-57ef-4493-be18-40de5d6c741e","ts":"2024-03-21T18:05:06.243+07:00","eventName":"n8n.node.finished","message":"n8n.node.finished","payload":{"executionId":"38","nodeName":"Create order","workflowId":"as6kLJauOXs3d8jo","workflowName":"trax","nodeType":"n8n-nodes-base.httpRequest"}}
{"__type":"$$EventMessageConfirm","confirm":"2dc76acc-57ef-4493-be18-40de5d6c741e","ts":"2024-03-21T18:05:06.243+07:00","source":{"id":"0","name":"eventBus"}}
{"__type":"$$EventMessageNode","id":"cbbd87a1-3937-4947-beb3-79a21e4e0d27","ts":"2024-03-21T18:05:06.243+07:00","eventName":"n8n.node.started","message":"n8n.node.started","payload":{"executionId":"38","nodeName":"created order success","workflowId":"as6kLJauOXs3d8jo","workflowName":"trax","nodeType":"n8n-nodes-base.if"}}
{"__type":"$$EventMessageConfirm","confirm":"cbbd87a1-3937-4947-beb3-79a21e4e0d27","ts":"2024-03-21T18:05:06.243+07:00","source":{"id":"0","name":"eventBus"}}
{"__type":"$$EventMessageNode","id":"3757be2f-1b59-4908-b3e9-c4f0d091bdd4","ts":"2024-03-21T18:05:06.246+07:00","eventName":"n8n.node.finished","message":"n8n.node.finished","payload":{"executionId":"38","nodeName":"created order success","workflowId":"as6kLJauOXs3d8jo","workflowName":"trax","nodeType":"n8n-nodes-base.if"}}
{"__type":"$$EventMessageConfirm","confirm":"3757be2f-1b59-4908-b3e9-c4f0d091bdd4","ts":"2024-03-21T18:05:06.246+07:00","source":{"id":"0","name":"eventBus"}}
{"__type":"$$EventMessageNode","id":"81ffd8bd-14eb-4915-b704-ada2f295cff3","ts":"2024-03-21T18:05:06.246+07:00","eventName":"n8n.node.started","message":"n8n.node.started","payload":{"executionId":"38","nodeName":"Edit Fields","workflowId":"as6kLJauOXs3d8jo","workflowName":"trax","nodeType":"n8n-nodes-base.set"}}
{"__type":"$$EventMessageConfirm","confirm":"81ffd8bd-14eb-4915-b704-ada2f295cff3","ts":"2024-03-21T18:05:06.247+07:00","source":{"id":"0","name":"eventBus"}}
{"__type":"$$EventMessageNode","id":"6de43fa8-d460-49c1-ab3c-414e452d4117","ts":"2024-03-21T18:05:06.250+07:00","eventName":"n8n.node.finished","message":"n8n.node.finished","payload":{"executionId":"38","nodeName":"Edit Fields","workflowId":"as6kLJauOXs3d8jo","workflowName":"trax","nodeType":"n8n-nodes-base.set"}}
{"__type":"$$EventMessageConfirm","confirm":"6de43fa8-d460-49c1-ab3c-414e452d4117","ts":"2024-03-21T18:05:06.250+07:00","source":{"id":"0","name":"eventBus"}}
{"__type":"$$EventMessageNode","id":"4bb7dcfd-020c-4963-8a4d-144cc0132d17","ts":"2024-03-21T18:05:06.250+07:00","eventName":"n8n.node.started","message":"n8n.node.started","payload":{"executionId":"38","nodeName":"paid","workflowId":"as6kLJauOXs3d8jo","workflowName":"trax","nodeType":"n8n-nodes-base.executeWorkflow"}}
{"__type":"$$EventMessageConfirm","confirm":"4bb7dcfd-020c-4963-8a4d-144cc0132d17","ts":"2024-03-21T18:05:06.250+07:00","source":{"id":"0","name":"eventBus"}}
{"__type":"$$EventMessageWorkflow","id":"d3d45f5c-0cc6-4992-9782-8ee302a594be","ts":"2024-03-21T18:05:06.257+07:00","eventName":"n8n.workflow.started","message":"n8n.workflow.started","payload":{"executionId":"39","userId":"a5faf777-a9a1-4705-829e-6a4f91e00d21","workflowId":"KGRV6YEKxoivfS9H","isManual":false,"workflowName":"paid_service"}}
{"__type":"$$EventMessageConfirm","confirm":"d3d45f5c-0cc6-4992-9782-8ee302a594be","ts":"2024-03-21T18:05:06.257+07:00","source":{"id":"0","name":"eventBus"}}
{"__type":"$$EventMessageNode","id":"18587288-86cd-4aba-a8b0-7e1e93cdbb8c","ts":"2024-03-21T18:05:06.261+07:00","eventName":"n8n.node.started","message":"n8n.node.started","payload":{"executionId":"39","nodeName":"Execute Workflow Trigger","workflowId":"KGRV6YEKxoivfS9H","workflowName":"paid_service","nodeType":"n8n-nodes-base.executeWorkflowTrigger"}}
{"__type":"$$EventMessageConfirm","confirm":"18587288-86cd-4aba-a8b0-7e1e93cdbb8c","ts":"2024-03-21T18:05:06.261+07:00","source":{"id":"0","name":"eventBus"}}
{"__type":"$$EventMessageNode","id":"189a31e0-b77f-4e42-b820-bcdbf35bf4a2","ts":"2024-03-21T18:05:06.261+07:00","eventName":"n8n.node.finished","message":"n8n.node.finished","payload":{"executionId":"39","nodeName":"Execute Workflow Trigger","workflowId":"KGRV6YEKxoivfS9H","workflowName":"paid_service","nodeType":"n8n-nodes-base.executeWorkflowTrigger"}}
{"__type":"$$EventMessageConfirm","confirm":"189a31e0-b77f-4e42-b820-bcdbf35bf4a2","ts":"2024-03-21T18:05:06.262+07:00","source":{"id":"0","name":"eventBus"}}
{"__type":"$$EventMessageNode","id":"6d12f9bf-fd53-4270-91bd-f3b0ef52d3af","ts":"2024-03-21T18:05:06.262+07:00","eventName":"n8n.node.started","message":"n8n.node.started","payload":{"executionId":"39","nodeName":"Paid payment","workflowId":"KGRV6YEKxoivfS9H","workflowName":"paid_service","nodeType":"n8n-nodes-base.httpRequest"}}
{"__type":"$$EventMessageConfirm","confirm":"6d12f9bf-fd53-4270-91bd-f3b0ef52d3af","ts":"2024-03-21T18:05:06.262+07:00","source":{"id":"0","name":"eventBus"}}
{"__type":"$$EventMessageNode","id":"ad743660-a69d-4e06-ac1c-ee0f2f098d70","ts":"2024-03-21T18:05:06.270+07:00","eventName":"n8n.node.finished","message":"n8n.node.finished","payload":{"executionId":"39","nodeName":"Paid payment","workflowId":"KGRV6YEKxoivfS9H","workflowName":"paid_service","nodeType":"n8n-nodes-base.httpRequest"}}
{"__type":"$$EventMessageConfirm","confirm":"ad743660-a69d-4e06-ac1c-ee0f2f098d70","ts":"2024-03-21T18:05:06.270+07:00","source":{"id":"0","name":"eventBus"}}
{"__type":"$$EventMessageNode","id":"0a93b63f-c0c6-4b98-a2c3-eecbd57fd653","ts":"2024-03-21T18:05:06.270+07:00","eventName":"n8n.node.started","message":"n8n.node.started","payload":{"executionId":"39","nodeName":"paid success","workflowId":"KGRV6YEKxoivfS9H","workflowName":"paid_service","nodeType":"n8n-nodes-base.if"}}
{"__type":"$$EventMessageConfirm","confirm":"0a93b63f-c0c6-4b98-a2c3-eecbd57fd653","ts":"2024-03-21T18:05:06.270+07:00","source":{"id":"0","name":"eventBus"}}
{"__type":"$$EventMessageNode","id":"0949920d-28da-4aca-829e-36a52424ff70","ts":"2024-03-21T18:05:06.270+07:00","eventName":"n8n.node.finished","message":"n8n.node.finished","payload":{"executionId":"39","nodeName":"paid success","workflowId":"KGRV6YEKxoivfS9H","workflowName":"paid_service","nodeType":"n8n-nodes-base.if"}}
{"__type":"$$EventMessageConfirm","confirm":"0949920d-28da-4aca-829e-36a52424ff70","ts":"2024-03-21T18:05:06.270+07:00","source":{"id":"0","name":"eventBus"}}
{"__type":"$$EventMessageNode","id":"014813c0-7728-445a-9087-06b6b190b2eb","ts":"2024-03-21T18:05:06.270+07:00","eventName":"n8n.node.started","message":"n8n.node.started","payload":{"executionId":"39","nodeName":"finish","workflowId":"KGRV6YEKxoivfS9H","workflowName":"paid_service","nodeType":"n8n-nodes-base.respondToWebhook"}}
{"__type":"$$EventMessageConfirm","confirm":"014813c0-7728-445a-9087-06b6b190b2eb","ts":"2024-03-21T18:05:06.270+07:00","source":{"id":"0","name":"eventBus"}}
{"__type":"$$EventMessageNode","id":"ad4c9a0c-2caf-41cf-90d7-c4e743cdf94d","ts":"2024-03-21T18:05:06.271+07:00","eventName":"n8n.node.finished","message":"n8n.node.finished","payload":{"executionId":"39","nodeName":"finish","workflowId":"KGRV6YEKxoivfS9H","workflowName":"paid_service","nodeType":"n8n-nodes-base.respondToWebhook"}}
{"__type":"$$EventMessageConfirm","confirm":"ad4c9a0c-2caf-41cf-90d7-c4e743cdf94d","ts":"2024-03-21T18:05:06.271+07:00","source":{"id":"0","name":"eventBus"}}
{"__type":"$$EventMessageWorkflow","id":"24b52739-8e14-4671-8b12-ee006ace9fc8","ts":"2024-03-21T18:05:06.274+07:00","eventName":"n8n.workflow.success","message":"n8n.workflow.success","payload":{"executionId":"39","success":true,"userId":"a5faf777-a9a1-4705-829e-6a4f91e00d21","workflowId":"KGRV6YEKxoivfS9H","isManual":false,"workflowName":"paid_service"}}
{"__type":"$$EventMessageConfirm","confirm":"24b52739-8e14-4671-8b12-ee006ace9fc8","ts":"2024-03-21T18:05:06.274+07:00","source":{"id":"0","name":"eventBus"}}
{"__type":"$$EventMessageNode","id":"0876d41b-7891-414b-b286-9a6c6525efdc","ts":"2024-03-21T18:05:06.274+07:00","eventName":"n8n.node.finished","message":"n8n.node.finished","payload":{"executionId":"38","nodeName":"paid","workflowId":"as6kLJauOXs3d8jo","workflowName":"trax","nodeType":"n8n-nodes-base.executeWorkflow"}}
{"__type":"$$EventMessageConfirm","confirm":"0876d41b-7891-414b-b286-9a6c6525efdc","ts":"2024-03-21T18:05:06.274+07:00","source":{"id":"0","name":"eventBus"}}
{"__type":"$$EventMessageNode","id":"017f72eb-1dea-4c55-9d42-46378598117a","ts":"2024-03-21T18:05:06.274+07:00","eventName":"n8n.node.started","message":"n8n.node.started","payload":{"executionId":"38","nodeName":"success","workflowId":"as6kLJauOXs3d8jo","workflowName":"trax","nodeType":"n8n-nodes-base.respondToWebhook"}}
{"__type":"$$EventMessageConfirm","confirm":"017f72eb-1dea-4c55-9d42-46378598117a","ts":"2024-03-21T18:05:06.274+07:00","source":{"id":"0","name":"eventBus"}}
{"__type":"$$EventMessageNode","id":"a174dde8-348d-4e28-b261-d8adf12e7545","ts":"2024-03-21T18:05:06.275+07:00","eventName":"n8n.node.finished","message":"n8n.node.finished","payload":{"executionId":"38","nodeName":"success","workflowId":"as6kLJauOXs3d8jo","workflowName":"trax","nodeType":"n8n-nodes-base.respondToWebhook"}}
{"__type":"$$EventMessageConfirm","confirm":"a174dde8-348d-4e28-b261-d8adf12e7545","ts":"2024-03-21T18:05:06.275+07:00","source":{"id":"0","name":"eventBus"}}
{"__type":"$$EventMessageWorkflow","id":"730947e7-8905-4451-b593-51385270f2ed","ts":"2024-03-21T18:05:06.314+07:00","eventName":"n8n.workflow.success","message":"n8n.workflow.success","payload":{"executionId":"38","success":true,"userId":"a5faf777-a9a1-4705-829e-6a4f91e00d21","workflowId":"as6kLJauOXs3d8jo","isManual":false,"workflowName":"trax"}}
{"__type":"$$EventMessageConfirm","confirm":"730947e7-8905-4451-b593-51385270f2ed","ts":"2024-03-21T18:05:06.314+07:00","source":{"id":"0","name":"eventBus"}}
